<?xml version="1.0" encoding="UTF-8"?>
<testsuite name="com.mechanizedai.carddemo.CardDemoApplicationTests" tests="1" skipped="0" failures="0" errors="0" timestamp="2025-01-21T15:40:15" hostname="Oscars-MacBook-Pro.local" time="0.067">
  <properties/>
  <testcase name="contextLoads()" classname="com.mechanizedai.carddemo.CardDemoApplicationTests" time="0.067"/>
  <system-out><![CDATA[10:40:14.086 [Test worker] INFO org.springframework.test.context.support.AnnotationConfigContextLoaderUtils -- Could not detect default configuration classes for test class [com.mechanizedai.carddemo.CardDemoApplicationTests]: CardDemoApplicationTests does not declare any static, non-private, non-final, nested classes annotated with @Configuration.
10:40:14.119 [Test worker] INFO org.springframework.boot.test.context.SpringBootTestContextBootstrapper -- Found @SpringBootConfiguration com.mechanizedai.carddemo.CardDemoApplication for test class com.mechanizedai.carddemo.CardDemoApplicationTests

  .   ____          _            __ _ _
 /\\ / ___'_ __ _ _(_)_ __  __ _ \ \ \ \
( ( )\___ | '_ | '_| | '_ \/ _` | \ \ \ \
 \\/  ___)| |_)| | | | | || (_| |  ) ) ) )
  '  |____| .__|_| |_|_| |_\__, | / / / /
 =========|_|==============|___/=/_/_/_/

 :: Spring Boot ::                (v3.4.1)

2025-01-21T10:40:14.242-05:00  INFO 61760 --- [card-demo] [    Test worker] c.m.carddemo.CardDemoApplicationTests    : Starting CardDemoApplicationTests using Java 21.0.5 with PID 61760 (started by oscaralvarez in /Users/oscaralvarez/IdeaProjects/card-demo)
2025-01-21T10:40:14.242-05:00  INFO 61760 --- [card-demo] [    Test worker] c.m.carddemo.CardDemoApplicationTests    : The following 1 profile is active: "test"
2025-01-21T10:40:14.426-05:00  INFO 61760 --- [card-demo] [    Test worker] .s.d.r.c.RepositoryConfigurationDelegate : Bootstrapping Spring Data JPA repositories in DEFAULT mode.
2025-01-21T10:40:14.443-05:00  INFO 61760 --- [card-demo] [    Test worker] .s.d.r.c.RepositoryConfigurationDelegate : Finished Spring Data repository scanning in 14 ms. Found 3 JPA repository interfaces.
2025-01-21T10:40:14.552-05:00  INFO 61760 --- [card-demo] [    Test worker] com.zaxxer.hikari.HikariDataSource       : HikariPool-1 - Starting...
2025-01-21T10:40:14.629-05:00  INFO 61760 --- [card-demo] [    Test worker] com.zaxxer.hikari.pool.HikariPool        : HikariPool-1 - Added connection org.postgresql.jdbc.PgConnection@191c6e13
2025-01-21T10:40:14.630-05:00  INFO 61760 --- [card-demo] [    Test worker] com.zaxxer.hikari.HikariDataSource       : HikariPool-1 - Start completed.
2025-01-21T10:40:14.676-05:00  INFO 61760 --- [card-demo] [    Test worker] o.hibernate.jpa.internal.util.LogHelper  : HHH000204: Processing PersistenceUnitInfo [name: default]
2025-01-21T10:40:14.691-05:00  INFO 61760 --- [card-demo] [    Test worker] org.hibernate.Version                    : HHH000412: Hibernate ORM core version 6.6.4.Final
2025-01-21T10:40:14.703-05:00  INFO 61760 --- [card-demo] [    Test worker] o.h.c.internal.RegionFactoryInitiator    : HHH000026: Second-level cache disabled
2025-01-21T10:40:14.781-05:00  INFO 61760 --- [card-demo] [    Test worker] o.s.o.j.p.SpringPersistenceUnitInfo      : No LoadTimeWeaver setup: ignoring JPA class transformer
2025-01-21T10:40:14.806-05:00  WARN 61760 --- [card-demo] [    Test worker] org.hibernate.orm.deprecation            : HHH90000025: PostgreSQLDialect does not need to be specified explicitly using 'hibernate.dialect' (remove the property setting and it will be selected by default)
2025-01-21T10:40:14.811-05:00  INFO 61760 --- [card-demo] [    Test worker] org.hibernate.orm.connections.pooling    : HHH10001005: Database info:
	Database JDBC URL [Connecting through datasource 'HikariDataSource (HikariPool-1)']
	Database driver: undefined/unknown
	Database version: 14.10
	Autocommit mode: undefined/unknown
	Isolation level: undefined/unknown
	Minimum pool size: undefined/unknown
	Maximum pool size: undefined/unknown
2025-01-21T10:40:15.101-05:00  INFO 61760 --- [card-demo] [    Test worker] o.h.e.t.j.p.i.JtaPlatformInitiator       : HHH000489: No JTA platform available (set 'hibernate.transaction.jta.platform' to enable JTA platform integration)
2025-01-21T10:40:15.147-05:00  INFO 61760 --- [card-demo] [    Test worker] j.LocalContainerEntityManagerFactoryBean : Initialized JPA EntityManagerFactory for persistence unit 'default'
2025-01-21T10:40:15.331-05:00  WARN 61760 --- [card-demo] [    Test worker] JpaBaseConfiguration$JpaWebConfiguration : spring.jpa.open-in-view is enabled by default. Therefore, database queries may be performed during view rendering. Explicitly configure spring.jpa.open-in-view to disable this warning
2025-01-21T10:40:15.458-05:00  INFO 61760 --- [card-demo] [    Test worker] c.m.carddemo.CardDemoApplicationTests    : Started CardDemoApplicationTests in 1.296 seconds (process running for 1.68)
]]></system-out>
  <system-err><![CDATA[]]></system-err>
</testsuite>
