<?xml version="1.0" encoding="UTF-8"?>
<testsuite name="com.mechanizedai.carddemo.repository.TransactionRepositoryTest" tests="3" skipped="0" failures="0" errors="0" timestamp="2025-01-21T15:40:15" hostname="Oscars-MacBook-Pro.local" time="0.045">
  <properties/>
  <testcase name="testSaveTransaction()" classname="com.mechanizedai.carddemo.repository.TransactionRepositoryTest" time="0.044"/>
  <testcase name="testDeleteTransaction()" classname="com.mechanizedai.carddemo.repository.TransactionRepositoryTest" time="0.001"/>
  <testcase name="testFindById()" classname="com.mechanizedai.carddemo.repository.TransactionRepositoryTest" time="0.0"/>
  <system-out><![CDATA[]]></system-out>
  <system-err><![CDATA[]]></system-err>
</testsuite>
