<?xml version="1.0" encoding="UTF-8"?>
<testsuite name="com.mechanizedai.carddemo.service.TransactionServiceTest" tests="2" skipped="0" failures="0" errors="0" timestamp="2025-01-21T15:40:15" hostname="Oscars-MacBook-Pro.local" time="0.006">
  <properties/>
  <testcase name="shouldReturnTransactionById()" classname="com.mechanizedai.carddemo.service.TransactionServiceTest" time="0.005"/>
  <testcase name="shouldThrowExceptionWhenTransactionNotFound()" classname="com.mechanizedai.carddemo.service.TransactionServiceTest" time="0.001"/>
  <system-out><![CDATA[]]></system-out>
  <system-err><![CDATA[]]></system-err>
</testsuite>
