<?xml version="1.0" encoding="UTF-8"?>
<testsuite name="com.mechanizedai.carddemo.controller.TransactionControllerTest" tests="2" skipped="0" failures="0" errors="0" timestamp="2025-01-21T15:40:15" hostname="Oscars-MacBook-Pro.local" time="0.049">
  <properties/>
  <testcase name="testDeleteTransaction()" classname="com.mechanizedai.carddemo.controller.TransactionControllerTest" time="0.046"/>
  <testcase name="testGetTransactionById_Success()" classname="com.mechanizedai.carddemo.controller.TransactionControllerTest" time="0.002"/>
  <system-out><![CDATA[]]></system-out>
  <system-err><![CDATA[]]></system-err>
</testsuite>
